# JRE version: OpenJDK Runtime Environment (8.0_181-b13) (build 1.8.0_181-8u181-b13-2~deb9u1-b13)
# Java VM: OpenJDK 64-Bit Server VM (25.181-b13 mixed mode linux-amd64 compressed oops)
Heap:
 PSYoungGen      total 46080K, used 3055K [0x00000000f8000000, 0x00000000fca00000, 0x0000000100000000)
  eden space 40960K, 0% used [0x00000000f8000000,0x00000000f8000000,0x00000000fa800000)
  from space 5120K, 59% used [0x00000000fa800000,0x00000000faafbfb0,0x00000000fad00000)
  to   space 5120K, 0% used [0x00000000fad00000,0x00000000fad00000,0x00000000fb200000)
 ParOldGen       total 27648K, used 9971K [0x00000000e8000000, 0x00000000e9b00000, 0x00000000f8000000)
  object space 27648K, 36% used [0x00000000e8000000,0x00000000e89bcd68,0x00000000e9b00000)
 Metaspace       used 14149K, capacity 15474K, committed 15744K, reserved 1062912K
  class space    used 1466K, capacity 1863K, committed 1920K, reserved 1048576K
GC Heap History (10 events):
Event: 4.154 GC heap after
Heap after GC invocations=4 (full 0):
 PSYoungGen      total 11776K, used 1524K [0x00000000f8000000, 0x00000000f8d00000, 0x0000000100000000)
  eden space 10240K, 0% used [0x00000000f8000000,0x00000000f8000000,0x00000000f8a00000)
  from space 1536K, 99% used [0x00000000f8b80000,0x00000000f8cfd0a0,0x00000000f8d00000)
  to   space 1536K, 0% used [0x00000000f8a00000,0x00000000f8a00000,0x00000000f8b80000)
 ParOldGen       total 27648K, used 7865K [0x00000000e8000000, 0x00000000e9b00000, 0x00000000f8000000)
  object space 27648K, 28% used [0x00000000e8000000,0x00000000e87ae488,0x00000000e9b00000)
 Metaspace       used 12628K, capacity 13854K, committed 14080K, reserved 1060864K
  class space    used 1341K, capacity 1669K, committed 1792K, reserved 1048576K
}
Event: 4.415 GC heap before
{Heap before GC invocations=5 (full 0):
 PSYoungGen      total 11776K, used 11764K [0x00000000f8000000, 0x00000000f8d00000, 0x0000000100000000)
  eden space 10240K, 100% used [0x00000000f8000000,0x00000000f8a00000,0x00000000f8a00000)
  from space 1536K, 99% used [0x00000000f8b80000,0x00000000f8cfd0a0,0x00000000f8d00000)
  to   space 1536K, 0% used [0x00000000f8a00000,0x00000000f8a00000,0x00000000f8b80000)
 ParOldGen       total 27648K, used 7867K [0x00000000e8000000, 0x00000000e9b00000, 0x00000000f8000000)
  object space 27648K, 28% used [0x00000000e8000000,0x00000000e87aedb8,0x00000000e9b00000)
 Metaspace       used 13009K, capacity 14118K, committed 14336K, reserved 1062912K
  class space    used 1370K, capacity 1741K, committed 1792K, reserved 1048576K
Event: 4.421 GC heap after
Heap after GC invocations=5 (full 0):
 PSYoungGen      total 11776K, used 1508K [0x00000000f8000000, 0x00000000f9e00000, 0x0000000100000000)
  eden space 10240K, 0% used [0x00000000f8000000,0x00000000f8000000,0x00000000f8a00000)
  from space 1536K, 98% used [0x00000000f8a00000,0x00000000f8b790b0,0x00000000f8b80000)
  to   space 5120K, 0% used [0x00000000f9900000,0x00000000f9900000,0x00000000f9e00000)
 ParOldGen       total 27648K, used 8265K [0x00000000e8000000, 0x00000000e9b00000, 0x00000000f8000000)
  object space 27648K, 29% used [0x00000000e8000000,0x00000000e88127d0,0x00000000e9b00000)
 Metaspace       used 13009K, capacity 14118K, committed 14336K, reserved 1062912K
  class space    used 1370K, capacity 1741K, committed 1792K, reserved 1048576K
}
Event: 4.718 GC heap before
{Heap before GC invocations=6 (full 0):
 PSYoungGen      total 11776K, used 11748K [0x00000000f8000000, 0x00000000f9e00000, 0x0000000100000000)
  eden space 10240K, 100% used [0x00000000f8000000,0x00000000f8a00000,0x00000000f8a00000)
  from space 1536K, 98% used [0x00000000f8a00000,0x00000000f8b790b0,0x00000000f8b80000)
  to   space 5120K, 0% used [0x00000000f9900000,0x00000000f9900000,0x00000000f9e00000)
 ParOldGen       total 27648K, used 8265K [0x00000000e8000000, 0x00000000e9b00000, 0x00000000f8000000)
  object space 27648K, 29% used [0x00000000e8000000,0x00000000e88127d0,0x00000000e9b00000)
 Metaspace       used 13089K, capacity 14182K, committed 14336K, reserved 1062912K
  class space    used 1371K, capacity 1741K, committed 1792K, reserved 1048576K
Event: 4.729 GC heap after
Heap after GC invocations=6 (full 0):
 PSYoungGen      total 25600K, used 2063K [0x00000000f8000000, 0x00000000f9e00000, 0x0000000100000000)
  eden space 20480K, 0% used [0x00000000f8000000,0x00000000f8000000,0x00000000f9400000)
  from space 5120K, 40% used [0x00000000f9900000,0x00000000f9b03eb0,0x00000000f9e00000)
  to   space 5120K, 0% used [0x00000000f9400000,0x00000000f9400000,0x00000000f9900000)
 ParOldGen       total 27648K, used 8265K [0x00000000e8000000, 0x00000000e9b00000, 0x00000000f8000000)
  object space 27648K, 29% used [0x00000000e8000000,0x00000000e88127d0,0x00000000e9b00000)
 Metaspace       used 13089K, capacity 14182K, committed 14336K, reserved 1062912K
  class space    used 1371K, capacity 1741K, committed 1792K, reserved 1048576K
}
Event: 5.090 GC heap before
{Heap before GC invocations=7 (full 0):
 PSYoungGen      total 25600K, used 22543K [0x00000000f8000000, 0x00000000f9e00000, 0x0000000100000000)
  eden space 20480K, 100% used [0x00000000f8000000,0x00000000f9400000,0x00000000f9400000)
  from space 5120K, 40% used [0x00000000f9900000,0x00000000f9b03eb0,0x00000000f9e00000)
  to   space 5120K, 0% used [0x00000000f9400000,0x00000000f9400000,0x00000000f9900000)
 ParOldGen       total 27648K, used 8265K [0x00000000e8000000, 0x00000000e9b00000, 0x00000000f8000000)
  object space 27648K, 29% used [0x00000000e8000000,0x00000000e88127d0,0x00000000e9b00000)
 Metaspace       used 13181K, capacity 14310K, committed 14592K, reserved 1062912K
  class space    used 1371K, capacity 1741K, committed 1792K, reserved 1048576K
Event: 5.106 GC heap after
Heap after GC invocations=7 (full 0):
 PSYoungGen      total 25600K, used 1828K [0x00000000f8000000, 0x00000000fb200000, 0x0000000100000000)
  eden space 20480K, 0% used [0x00000000f8000000,0x00000000f8000000,0x00000000f9400000)
  from space 5120K, 35% used [0x00000000f9400000,0x00000000f95c90b0,0x00000000f9900000)
  to   space 5120K, 0% used [0x00000000fad00000,0x00000000fad00000,0x00000000fb200000)
 ParOldGen       total 27648K, used 8776K [0x00000000e8000000, 0x00000000e9b00000, 0x00000000f8000000)
  object space 27648K, 31% used [0x00000000e8000000,0x00000000e88921d0,0x00000000e9b00000)
 Metaspace       used 13181K, capacity 14310K, committed 14592K, reserved 1062912K
  class space    used 1371K, capacity 1741K, committed 1792K, reserved 1048576K
}
Event: 5.291 GC heap before
{Heap before GC invocations=8 (full 0):
 PSYoungGen      total 25600K, used 22308K [0x00000000f8000000, 0x00000000fb200000, 0x0000000100000000)
  eden space 20480K, 100% used [0x00000000f8000000,0x00000000f9400000,0x00000000f9400000)
  from space 5120K, 35% used [0x00000000f9400000,0x00000000f95c90b0,0x00000000f9900000)
  to   space 5120K, 0% used [0x00000000fad00000,0x00000000fad00000,0x00000000fb200000)
 ParOldGen       total 27648K, used 8776K [0x00000000e8000000, 0x00000000e9b00000, 0x00000000f8000000)
  object space 27648K, 31% used [0x00000000e8000000,0x00000000e88921d0,0x00000000e9b00000)
 Metaspace       used 13210K, capacity 14374K, committed 14592K, reserved 1062912K
  class space    used 1371K, capacity 1741K, committed 1792K, reserved 1048576K
Event: 5.298 GC heap after
Heap after GC invocations=8 (full 0):
 PSYoungGen      total 46080K, used 1152K [0x00000000f8000000, 0x00000000fb200000, 0x0000000100000000)
  eden space 40960K, 0% used [0x00000000f8000000,0x00000000f8000000,0x00000000fa800000)
  from space 5120K, 22% used [0x00000000fad00000,0x00000000fae20000,0x00000000fb200000)
  to   space 5120K, 0% used [0x00000000fa800000,0x00000000fa800000,0x00000000fad00000)
 ParOldGen       total 27648K, used 9779K [0x00000000e8000000, 0x00000000e9b00000, 0x00000000f8000000)
  object space 27648K, 35% used [0x00000000e8000000,0x00000000e898cd68,0x00000000e9b00000)
 Metaspace       used 13210K, capacity 14374K, committed 14592K, reserved 1062912K
  class space    used 1371K, capacity 1741K, committed 1792K, reserved 1048576K
}
Event: 6.174 GC heap before
{Heap before GC invocations=9 (full 0):
 PSYoungGen      total 46080K, used 42112K [0x00000000f8000000, 0x00000000fb200000, 0x0000000100000000)
  eden space 40960K, 100% used [0x00000000f8000000,0x00000000fa800000,0x00000000fa800000)
  from space 5120K, 22% used [0x00000000fad00000,0x00000000fae20000,0x00000000fb200000)
  to   space 5120K, 0% used [0x00000000fa800000,0x00000000fa800000,0x00000000fad00000)
 ParOldGen       total 27648K, used 9779K [0x00000000e8000000, 0x00000000e9b00000, 0x00000000f8000000)
  object space 27648K, 35% used [0x00000000e8000000,0x00000000e898cd68,0x00000000e9b00000)
 Metaspace       used 14149K, capacity 15474K, committed 15744K, reserved 1062912K
  class space    used 1466K, capacity 1863K, committed 1920K, reserved 1048576K

