# JRE version: OpenJDK Runtime Environment (8.0_212-b01) (build 1.8.0_212-8u212-b01-1~deb9u1-b01)
# Java VM: OpenJDK 64-Bit Server VM (25.212-b01 mixed mode linux-amd64 compressed oops)
Heap:
 PSYoungGen      total 46080K, used 3245K [0x00000000f8000000, 0x00000000fca00000, 0x0000000100000000)
  eden space 40960K, 0% used [0x00000000f8000000,0x00000000f8000000,0x00000000fa800000)
  from space 5120K, 63% used [0x00000000fa800000,0x00000000fab2b478,0x00000000fad00000)
  to   space 5120K, 0% used [0x00000000fad00000,0x00000000fad00000,0x00000000fb200000)
 ParOldGen       total 27648K, used 9951K [0x00000000e8000000, 0x00000000e9b00000, 0x00000000f8000000)
  object space 27648K, 35% used [0x00000000e8000000,0x00000000e89b7e10,0x00000000e9b00000)
 Metaspace       used 14054K, capacity 15460K, committed 15744K, reserved 1062912K
  class space    used 1461K, capacity 1837K, committed 1920K, reserved 1048576K
GC Heap History (10 events):
Event: 3.665 GC heap after
Heap after GC invocations=4 (full 0):
 PSYoungGen      total 11776K, used 1536K [0x00000000f8000000, 0x00000000f8d00000, 0x0000000100000000)
  eden space 10240K, 0% used [0x00000000f8000000,0x00000000f8000000,0x00000000f8a00000)
  from space 1536K, 100% used [0x00000000f8b80000,0x00000000f8d00000,0x00000000f8d00000)
  to   space 1536K, 0% used [0x00000000f8a00000,0x00000000f8a00000,0x00000000f8b80000)
 ParOldGen       total 27648K, used 7844K [0x00000000e8000000, 0x00000000e9b00000, 0x00000000f8000000)
  object space 27648K, 28% used [0x00000000e8000000,0x00000000e87a9098,0x00000000e9b00000)
 Metaspace       used 12454K, capacity 13658K, committed 13824K, reserved 1060864K
  class space    used 1326K, capacity 1669K, committed 1792K, reserved 1048576K
}
Event: 3.905 GC heap before
{Heap before GC invocations=5 (full 0):
 PSYoungGen      total 11776K, used 11776K [0x00000000f8000000, 0x00000000f8d00000, 0x0000000100000000)
  eden space 10240K, 100% used [0x00000000f8000000,0x00000000f8a00000,0x00000000f8a00000)
  from space 1536K, 100% used [0x00000000f8b80000,0x00000000f8d00000,0x00000000f8d00000)
  to   space 1536K, 0% used [0x00000000f8a00000,0x00000000f8a00000,0x00000000f8b80000)
 ParOldGen       total 27648K, used 7844K [0x00000000e8000000, 0x00000000e9b00000, 0x00000000f8000000)
  object space 27648K, 28% used [0x00000000e8000000,0x00000000e87a9098,0x00000000e9b00000)
 Metaspace       used 12809K, capacity 13984K, committed 14080K, reserved 1060864K
  class space    used 1353K, capacity 1739K, committed 1792K, reserved 1048576K
Event: 3.916 GC heap after
Heap after GC invocations=5 (full 0):
 PSYoungGen      total 11776K, used 1520K [0x00000000f8000000, 0x00000000f9e00000, 0x0000000100000000)
  eden space 10240K, 0% used [0x00000000f8000000,0x00000000f8000000,0x00000000f8a00000)
  from space 1536K, 98% used [0x00000000f8a00000,0x00000000f8b7c010,0x00000000f8b80000)
  to   space 5120K, 0% used [0x00000000f9900000,0x00000000f9900000,0x00000000f9e00000)
 ParOldGen       total 27648K, used 8299K [0x00000000e8000000, 0x00000000e9b00000, 0x00000000f8000000)
  object space 27648K, 30% used [0x00000000e8000000,0x00000000e881adf8,0x00000000e9b00000)
 Metaspace       used 12809K, capacity 13984K, committed 14080K, reserved 1060864K
  class space    used 1353K, capacity 1739K, committed 1792K, reserved 1048576K
}
Event: 4.214 GC heap before
{Heap before GC invocations=6 (full 0):
 PSYoungGen      total 11776K, used 11760K [0x00000000f8000000, 0x00000000f9e00000, 0x0000000100000000)
  eden space 10240K, 100% used [0x00000000f8000000,0x00000000f8a00000,0x00000000f8a00000)
  from space 1536K, 98% used [0x00000000f8a00000,0x00000000f8b7c010,0x00000000f8b80000)
  to   space 5120K, 0% used [0x00000000f9900000,0x00000000f9900000,0x00000000f9e00000)
 ParOldGen       total 27648K, used 8299K [0x00000000e8000000, 0x00000000e9b00000, 0x00000000f8000000)
  object space 27648K, 30% used [0x00000000e8000000,0x00000000e881adf8,0x00000000e9b00000)
 Metaspace       used 12888K, capacity 13984K, committed 14080K, reserved 1060864K
  class space    used 1354K, capacity 1739K, committed 1792K, reserved 1048576K
Event: 4.221 GC heap after
Heap after GC invocations=6 (full 0):
 PSYoungGen      total 25600K, used 2027K [0x00000000f8000000, 0x00000000f9e00000, 0x0000000100000000)
  eden space 20480K, 0% used [0x00000000f8000000,0x00000000f8000000,0x00000000f9400000)
  from space 5120K, 39% used [0x00000000f9900000,0x00000000f9afae20,0x00000000f9e00000)
  to   space 5120K, 0% used [0x00000000f9400000,0x00000000f9400000,0x00000000f9900000)
 ParOldGen       total 27648K, used 8299K [0x00000000e8000000, 0x00000000e9b00000, 0x00000000f8000000)
  object space 27648K, 30% used [0x00000000e8000000,0x00000000e881adf8,0x00000000e9b00000)
 Metaspace       used 12888K, capacity 13984K, committed 14080K, reserved 1060864K
  class space    used 1354K, capacity 1739K, committed 1792K, reserved 1048576K
}
Event: 4.499 GC heap before
{Heap before GC invocations=7 (full 0):
 PSYoungGen      total 25600K, used 22507K [0x00000000f8000000, 0x00000000f9e00000, 0x0000000100000000)
  eden space 20480K, 100% used [0x00000000f8000000,0x00000000f9400000,0x00000000f9400000)
  from space 5120K, 39% used [0x00000000f9900000,0x00000000f9afae20,0x00000000f9e00000)
  to   space 5120K, 0% used [0x00000000f9400000,0x00000000f9400000,0x00000000f9900000)
 ParOldGen       total 27648K, used 8299K [0x00000000e8000000, 0x00000000e9b00000, 0x00000000f8000000)
  object space 27648K, 30% used [0x00000000e8000000,0x00000000e881adf8,0x00000000e9b00000)
 Metaspace       used 12954K, capacity 14112K, committed 14336K, reserved 1062912K
  class space    used 1354K, capacity 1739K, committed 1792K, reserved 1048576K
Event: 4.505 GC heap after
Heap after GC invocations=7 (full 0):
 PSYoungGen      total 25600K, used 1680K [0x00000000f8000000, 0x00000000fb200000, 0x0000000100000000)
  eden space 20480K, 0% used [0x00000000f8000000,0x00000000f8000000,0x00000000f9400000)
  from space 5120K, 32% used [0x00000000f9400000,0x00000000f95a4010,0x00000000f9900000)
  to   space 5120K, 0% used [0x00000000fad00000,0x00000000fad00000,0x00000000fb200000)
 ParOldGen       total 27648K, used 8952K [0x00000000e8000000, 0x00000000e9b00000, 0x00000000f8000000)
  object space 27648K, 32% used [0x00000000e8000000,0x00000000e88be318,0x00000000e9b00000)
 Metaspace       used 12954K, capacity 14112K, committed 14336K, reserved 1062912K
  class space    used 1354K, capacity 1739K, committed 1792K, reserved 1048576K
}
Event: 4.764 GC heap before
{Heap before GC invocations=8 (full 0):
 PSYoungGen      total 25600K, used 22160K [0x00000000f8000000, 0x00000000fb200000, 0x0000000100000000)
  eden space 20480K, 100% used [0x00000000f8000000,0x00000000f9400000,0x00000000f9400000)
  from space 5120K, 32% used [0x00000000f9400000,0x00000000f95a4010,0x00000000f9900000)
  to   space 5120K, 0% used [0x00000000fad00000,0x00000000fad00000,0x00000000fb200000)
 ParOldGen       total 27648K, used 8952K [0x00000000e8000000, 0x00000000e9b00000, 0x00000000f8000000)
  object space 27648K, 32% used [0x00000000e8000000,0x00000000e88be318,0x00000000e9b00000)
 Metaspace       used 13007K, capacity 14176K, committed 14336K, reserved 1062912K
  class space    used 1354K, capacity 1739K, committed 1792K, reserved 1048576K
Event: 4.768 GC heap after
Heap after GC invocations=8 (full 0):
 PSYoungGen      total 46080K, used 1152K [0x00000000f8000000, 0x00000000fb200000, 0x0000000100000000)
  eden space 40960K, 0% used [0x00000000f8000000,0x00000000f8000000,0x00000000fa800000)
  from space 5120K, 22% used [0x00000000fad00000,0x00000000fae20000,0x00000000fb200000)
  to   space 5120K, 0% used [0x00000000fa800000,0x00000000fa800000,0x00000000fad00000)
 ParOldGen       total 27648K, used 9751K [0x00000000e8000000, 0x00000000e9b00000, 0x00000000f8000000)
  object space 27648K, 35% used [0x00000000e8000000,0x00000000e8985e10,0x00000000e9b00000)
 Metaspace       used 13007K, capacity 14176K, committed 14336K, reserved 1062912K
  class space    used 1354K, capacity 1739K, committed 1792K, reserved 1048576K
}
Event: 5.542 GC heap before
{Heap before GC invocations=9 (full 0):
 PSYoungGen      total 46080K, used 42112K [0x00000000f8000000, 0x00000000fb200000, 0x0000000100000000)
  eden space 40960K, 100% used [0x00000000f8000000,0x00000000fa800000,0x00000000fa800000)
  from space 5120K, 22% used [0x00000000fad00000,0x00000000fae20000,0x00000000fb200000)
  to   space 5120K, 0% used [0x00000000fa800000,0x00000000fa800000,0x00000000fad00000)
 ParOldGen       total 27648K, used 9751K [0x00000000e8000000, 0x00000000e9b00000, 0x00000000f8000000)
  object space 27648K, 35% used [0x00000000e8000000,0x00000000e8985e10,0x00000000e9b00000)
 Metaspace       used 14054K, capacity 15460K, committed 15744K, reserved 1062912K
  class space    used 1461K, capacity 1837K, committed 1920K, reserved 1048576K

